<?xml version="1.0" encoding="UTF-8"?>
<!-- Generated by org.testng.reporters.JUnitReportReporter -->
<testsuite hostname="EC2AMAZ-D9GMPCC" failures="0" tests="1" name="requsttypes.PatchTest" time="5.968" errors="0" timestamp="2023-07-19T12:47:53 GMT" skipped="0">
  <testcase classname="requsttypes.PatchTest" name="patchTest" time="5.968"/>
  <system-out/>
</testsuite> <!-- requsttypes.PatchTest -->
